# JRE version: Java(TM) SE Runtime Environment (8.0_91-b14) (build 1.8.0_91-b14)
# Java VM: Java HotSpot(TM) 64-Bit Server VM (25.91-b14 mixed mode windows-amd64 compressed oops)
Heap:
 PSYoungGen      total 287744K, used 186371K [0x00000000d5d00000, 0x00000000e9580000, 0x0000000100000000)
  eden space 263680K, 70% used [0x00000000d5d00000,0x00000000e1300c28,0x00000000e5e80000)
  from space 24064K, 0% used [0x00000000e7580000,0x00000000e7580000,0x00000000e8d00000)
  to   space 23552K, 0% used [0x00000000e5e80000,0x00000000e5e80000,0x00000000e7580000)
 ParOldGen       total 115200K, used 35318K [0x0000000081600000, 0x0000000088680000, 0x00000000d5d00000)
  object space 115200K, 30% used [0x0000000081600000,0x000000008387d9c0,0x0000000088680000)
 Metaspace       used 39971K, capacity 40494K, committed 40832K, reserved 1085440K
  class space    used 5003K, capacity 5173K, committed 5248K, reserved 1048576K
GC Heap History (10 events):
Event: 5.038 GC heap before
{Heap before GC invocations=8 (full 1):
 PSYoungGen      total 142336K, used 132608K [0x00000000d5d00000, 0x00000000df300000, 0x0000000100000000)
  eden space 132608K, 100% used [0x00000000d5d00000,0x00000000dde80000,0x00000000dde80000)
  from space 9728K, 0% used [0x00000000de880000,0x00000000de880000,0x00000000df200000)
  to   space 10240K, 0% used [0x00000000dde80000,0x00000000dde80000,0x00000000de880000)
 ParOldGen       total 60928K, used 8956K [0x0000000081600000, 0x0000000085180000, 0x00000000d5d00000)
  object space 60928K, 14% used [0x0000000081600000,0x0000000081ebf250,0x0000000085180000)
 Metaspace       used 26407K, capacity 26720K, committed 27008K, reserved 1073152K
  class space    used 3268K, capacity 3356K, committed 3456K, reserved 1048576K
Event: 5.067 GC heap after
Heap after GC invocations=8 (full 1):
 PSYoungGen      total 142848K, used 10214K [0x00000000d5d00000, 0x00000000e4600000, 0x0000000100000000)
  eden space 132608K, 0% used [0x00000000d5d00000,0x00000000d5d00000,0x00000000dde80000)
  from space 10240K, 99% used [0x00000000dde80000,0x00000000de879b28,0x00000000de880000)
  to   space 16384K, 0% used [0x00000000e3600000,0x00000000e3600000,0x00000000e4600000)
 ParOldGen       total 60928K, used 19336K [0x0000000081600000, 0x0000000085180000, 0x00000000d5d00000)
  object space 60928K, 31% used [0x0000000081600000,0x00000000828e20b8,0x0000000085180000)
 Metaspace       used 26407K, capacity 26720K, committed 27008K, reserved 1073152K
  class space    used 3268K, capacity 3356K, committed 3456K, reserved 1048576K
}
Event: 6.088 GC heap before
{Heap before GC invocations=9 (full 1):
 PSYoungGen      total 142848K, used 142822K [0x00000000d5d00000, 0x00000000e4600000, 0x0000000100000000)
  eden space 132608K, 100% used [0x00000000d5d00000,0x00000000dde80000,0x00000000dde80000)
  from space 10240K, 99% used [0x00000000dde80000,0x00000000de879b28,0x00000000de880000)
  to   space 16384K, 0% used [0x00000000e3600000,0x00000000e3600000,0x00000000e4600000)
 ParOldGen       total 60928K, used 19336K [0x0000000081600000, 0x0000000085180000, 0x00000000d5d00000)
  object space 60928K, 31% used [0x0000000081600000,0x00000000828e20b8,0x0000000085180000)
 Metaspace       used 30933K, capacity 31306K, committed 31616K, reserved 1077248K
  class space    used 3830K, capacity 3945K, committed 3968K, reserved 1048576K
Event: 6.109 GC heap after
Heap after GC invocations=9 (full 1):
 PSYoungGen      total 218624K, used 16362K [0x00000000d5d00000, 0x00000000e4b00000, 0x0000000100000000)
  eden space 202240K, 0% used [0x00000000d5d00000,0x00000000d5d00000,0x00000000e2280000)
  from space 16384K, 99% used [0x00000000e3600000,0x00000000e45faaa0,0x00000000e4600000)
  to   space 19968K, 0% used [0x00000000e2280000,0x00000000e2280000,0x00000000e3600000)
 ParOldGen       total 60928K, used 21746K [0x0000000081600000, 0x0000000085180000, 0x00000000d5d00000)
  object space 60928K, 35% used [0x0000000081600000,0x0000000082b3cb90,0x0000000085180000)
 Metaspace       used 30933K, capacity 31306K, committed 31616K, reserved 1077248K
  class space    used 3830K, capacity 3945K, committed 3968K, reserved 1048576K
}
Event: 8.362 GC heap before
{Heap before GC invocations=10 (full 1):
 PSYoungGen      total 218624K, used 218602K [0x00000000d5d00000, 0x00000000e4b00000, 0x0000000100000000)
  eden space 202240K, 100% used [0x00000000d5d00000,0x00000000e2280000,0x00000000e2280000)
  from space 16384K, 99% used [0x00000000e3600000,0x00000000e45faaa0,0x00000000e4600000)
  to   space 19968K, 0% used [0x00000000e2280000,0x00000000e2280000,0x00000000e3600000)
 ParOldGen       total 60928K, used 21746K [0x0000000081600000, 0x0000000085180000, 0x00000000d5d00000)
  object space 60928K, 35% used [0x0000000081600000,0x0000000082b3cb90,0x0000000085180000)
 Metaspace       used 33829K, capacity 34282K, committed 34560K, reserved 1079296K
  class space    used 4201K, capacity 4285K, committed 4352K, reserved 1048576K
Event: 8.389 GC heap after
Heap after GC invocations=10 (full 1):
 PSYoungGen      total 222208K, used 19960K [0x00000000d5d00000, 0x00000000e8d00000, 0x0000000100000000)
  eden space 202240K, 0% used [0x00000000d5d00000,0x00000000d5d00000,0x00000000e2280000)
  from space 19968K, 99% used [0x00000000e2280000,0x00000000e35fe0a0,0x00000000e3600000)
  to   space 24064K, 0% used [0x00000000e7580000,0x00000000e7580000,0x00000000e8d00000)
 ParOldGen       total 60928K, used 24390K [0x0000000081600000, 0x0000000085180000, 0x00000000d5d00000)
  object space 60928K, 40% used [0x0000000081600000,0x0000000082dd18c0,0x0000000085180000)
 Metaspace       used 33829K, capacity 34282K, committed 34560K, reserved 1079296K
  class space    used 4201K, capacity 4285K, committed 4352K, reserved 1048576K
}
Event: 8.695 GC heap before
{Heap before GC invocations=11 (full 1):
 PSYoungGen      total 222208K, used 50400K [0x00000000d5d00000, 0x00000000e8d00000, 0x0000000100000000)
  eden space 202240K, 15% used [0x00000000d5d00000,0x00000000d7aba200,0x00000000e2280000)
  from space 19968K, 99% used [0x00000000e2280000,0x00000000e35fe0a0,0x00000000e3600000)
  to   space 24064K, 0% used [0x00000000e7580000,0x00000000e7580000,0x00000000e8d00000)
 ParOldGen       total 60928K, used 24390K [0x0000000081600000, 0x0000000085180000, 0x00000000d5d00000)
  object space 60928K, 40% used [0x0000000081600000,0x0000000082dd18c0,0x0000000085180000)
 Metaspace       used 34868K, capacity 35330K, committed 35456K, reserved 1081344K
  class space    used 4310K, capacity 4417K, committed 4480K, reserved 1048576K
Event: 8.714 GC heap after
Heap after GC invocations=11 (full 1):
 PSYoungGen      total 287744K, used 5728K [0x00000000d5d00000, 0x00000000e9580000, 0x0000000100000000)
  eden space 263680K, 0% used [0x00000000d5d00000,0x00000000d5d00000,0x00000000e5e80000)
  from space 24064K, 23% used [0x00000000e7580000,0x00000000e7b18010,0x00000000e8d00000)
  to   space 23552K, 0% used [0x00000000e5e80000,0x00000000e5e80000,0x00000000e7580000)
 ParOldGen       total 60928K, used 39819K [0x0000000081600000, 0x0000000085180000, 0x00000000d5d00000)
  object space 60928K, 65% used [0x0000000081600000,0x0000000083ce2ec8,0x0000000085180000)
 Metaspace       used 34868K, capacity 35330K, committed 35456K, reserved 1081344K
  class space    used 4310K, capacity 4417K, committed 4480K, reserved 1048576K
}
Event: 8.714 GC heap before
{Heap before GC invocations=12 (full 2):
 PSYoungGen      total 287744K, used 5728K [0x00000000d5d00000, 0x00000000e9580000, 0x0000000100000000)
  eden space 263680K, 0% used [0x00000000d5d00000,0x00000000d5d00000,0x00000000e5e80000)
  from space 24064K, 23% used [0x00000000e7580000,0x00000000e7b18010,0x00000000e8d00000)
  to   space 23552K, 0% used [0x00000000e5e80000,0x00000000e5e80000,0x00000000e7580000)
 ParOldGen       total 60928K, used 39819K [0x0000000081600000, 0x0000000085180000, 0x00000000d5d00000)
  object space 60928K, 65% used [0x0000000081600000,0x0000000083ce2ec8,0x0000000085180000)
 Metaspace       used 34868K, capacity 35330K, committed 35456K, reserved 1081344K
  class space    used 4310K, capacity 4417K, committed 4480K, reserved 1048576K
Event: 8.833 GC heap after
Heap after GC invocations=12 (full 2):
 PSYoungGen      total 287744K, used 0K [0x00000000d5d00000, 0x00000000e9580000, 0x0000000100000000)
  eden space 263680K, 0% used [0x00000000d5d00000,0x00000000d5d00000,0x00000000e5e80000)
  from space 24064K, 0% used [0x00000000e7580000,0x00000000e7580000,0x00000000e8d00000)
  to   space 23552K, 0% used [0x00000000e5e80000,0x00000000e5e80000,0x00000000e7580000)
 ParOldGen       total 115200K, used 35318K [0x0000000081600000, 0x0000000088680000, 0x00000000d5d00000)
  object space 115200K, 30% used [0x0000000081600000,0x000000008387d9c0,0x0000000088680000)
 Metaspace       used 34793K, capacity 35210K, committed 35456K, reserved 1081344K
  class space    used 4299K, capacity 4397K, committed 4480K, reserved 1048576K
}

